Using pre-set license
Built from '2020.3/staging' branch; Version is '2020.3.10f1 (297d780c91bc) revision 2719096'; Using compiler version '192528614'; Build Type 'Release'
OS: 'Windows 10 Home; OS build 19042.1288; Version 2009; 64bit' Language: 'en' Physical Memory: 16204 MB
BatchMode: 1, IsHumanControllingUs: 0, StartBugReporterOnCrash: 0, Is64bit: 1, IsPro: 0

 COMMAND LINE ARGUMENTS:
C:\Program Files\Unity\Hub\Editor\2020.3.10f1\Editor\Unity.exe
-adb2
-batchMode
-noUpm
-name
AssetImportWorker0
-projectPath
C:/Users/nekoi/Documents/Projects/BCI VR Prototyping/Project Brainwave
-logFile
Logs/AssetImportWorker0.log
-srvPort
55948
Successfully changed project path to: C:/Users/nekoi/Documents/Projects/BCI VR Prototyping/Project Brainwave
C:/Users/nekoi/Documents/Projects/BCI VR Prototyping/Project Brainwave
Using Asset Import Pipeline V2.
Refreshing native plugins compatible for Editor in 42.71 ms, found 2 plugins.
Preloading 0 native plugins for Editor in 0.00 ms.
Initialize engine version: 2020.3.10f1 (297d780c91bc)
[Subsystems] Discovering subsystems at path C:/Program Files/Unity/Hub/Editor/2020.3.10f1/Editor/Data/Resources/UnitySubsystems
[Subsystems] Discovering subsystems at path C:/Users/nekoi/Documents/Projects/BCI VR Prototyping/Project Brainwave/Assets
GfxDevice: creating device client; threaded=0
Direct3D:
    Version:  Direct3D 11.0 [level 11.1]
    Renderer: NVIDIA GeForce GTX 1660 Ti (ID=0x2191)
    Vendor:   
    VRAM:     5991 MB
    Driver:   27.21.14.6172
Initialize mono
Mono path[0] = 'C:/Program Files/Unity/Hub/Editor/2020.3.10f1/Editor/Data/Managed'
Mono path[1] = 'C:/Program Files/Unity/Hub/Editor/2020.3.10f1/Editor/Data/MonoBleedingEdge/lib/mono/unityjit'
Mono config path = 'C:/Program Files/Unity/Hub/Editor/2020.3.10f1/Editor/Data/MonoBleedingEdge/etc'
Using monoOptions --debugger-agent=transport=dt_socket,embedding=1,server=y,suspend=n,address=127.0.0.1:56256
Begin MonoManager ReloadAssembly
Registering precompiled unity dll's ...
Register platform support module: C:/Program Files/Unity/Hub/Editor/2020.3.10f1/Editor/Data/PlaybackEngines/WindowsStandaloneSupport/UnityEditor.WindowsStandalone.Extensions.dll
Registered in 0.002013 seconds.
Native extension for WindowsStandalone target not found
Refreshing native plugins compatible for Editor in 32.10 ms, found 2 plugins.
Preloading 0 native plugins for Editor in 0.00 ms.
Mono: successfully reloaded assembly
- Completed reload, in  2.137 seconds
Platform modules already initialized, skipping
Registering precompiled user dll's ...
Registered in 0.003828 seconds.
Begin MonoManager ReloadAssembly
Native extension for WindowsStandalone target not found
Refreshing native plugins compatible for Editor in 0.34 ms, found 2 plugins.
Preloading 0 native plugins for Editor in 0.00 ms.
Mono: successfully reloaded assembly
- Completed reload, in  1.121 seconds
Platform modules already initialized, skipping
========================================================================
Worker process is ready to serve import requests
Launched and connected shader compiler UnityShaderCompiler.exe after 0.06 seconds
Refreshing native plugins compatible for Editor in 0.41 ms, found 2 plugins.
Preloading 0 native plugins for Editor in 0.00 ms.
Unloading 1388 Unused Serialized files (Serialized files now loaded: 0)
System memory in use before: 64.6 MB.
System memory in use after: 64.7 MB.

Unloading 18 unused Assets to reduce memory usage. Loaded Objects now: 1822.
Total: 2.686600 ms (FindLiveObjects: 0.228000 ms CreateObjectMapping: 0.092200 ms MarkObjects: 2.289800 ms  DeleteObjects: 0.074900 ms)

========================================================================
Received Import Request.
  path: Assets/Scripts/RotatingRing.cs
  artifactKey: Guid(ba1b1febaf6186146bdd704f0ff212fa) Importer(815301076,1909f56bfc062723c751e8b465ee728b)
Start importing Assets/Scripts/RotatingRing.cs using Guid(ba1b1febaf6186146bdd704f0ff212fa) Importer(815301076,1909f56bfc062723c751e8b465ee728b)  -> (artifact id: 'c641334d347622902e7493eae459c627') in 0.035333 seconds
  Import took 0.038202 seconds .

========================================================================
Received Prepare
Registering precompiled user dll's ...
Registered in 0.007585 seconds.
Begin MonoManager ReloadAssembly
Native extension for WindowsStandalone target not found
Refreshing native plugins compatible for Editor in 0.35 ms, found 2 plugins.
Preloading 0 native plugins for Editor in 0.00 ms.
Mono: successfully reloaded assembly
- Completed reload, in  1.056 seconds
Platform modules already initialized, skipping
Shader 'TextMeshPro/Distance Field Overlay': fallback shader 'TextMeshPro/Mobile/Distance Field' not found
Shader 'TextMeshPro/Distance Field SSD': fallback shader 'TextMeshPro/Mobile/Distance Field' not found
Shader 'TextMeshPro/Distance Field': fallback shader 'TextMeshPro/Mobile/Distance Field' not found
Refreshing native plugins compatible for Editor in 0.40 ms, found 2 plugins.
Preloading 0 native plugins for Editor in 0.00 ms.
Unloading 1440 Unused Serialized files (Serialized files now loaded: 0)
System memory in use before: 67.9 MB.
System memory in use after: 67.3 MB.

Unloading 28 unused Assets to reduce memory usage. Loaded Objects now: 1873.
Total: 2.754500 ms (FindLiveObjects: 0.171600 ms CreateObjectMapping: 0.096600 ms MarkObjects: 2.149100 ms  DeleteObjects: 0.336200 ms)

========================================================================
Received Import Request.
  Time since last request: 223.320887 seconds.
  path: Assets/Scripts/PlayerMove.cs
  artifactKey: Guid(857882e9d49fd054da1723d5ab40ea61) Importer(815301076,1909f56bfc062723c751e8b465ee728b)
Start importing Assets/Scripts/PlayerMove.cs using Guid(857882e9d49fd054da1723d5ab40ea61) Importer(815301076,1909f56bfc062723c751e8b465ee728b)  -> (artifact id: '126f8c5b5fd2ad8d32e62e4f869f4e4e') in 0.013696 seconds
  Import took 0.016874 seconds .

========================================================================
Received Import Request.
  Time since last request: 0.005078 seconds.
  path: Assets/Scripts/PlayerMove.cs
  artifactKey: Guid(857882e9d49fd054da1723d5ab40ea61) Importer(815301076,1909f56bfc062723c751e8b465ee728b)
Start importing Assets/Scripts/PlayerMove.cs using Guid(857882e9d49fd054da1723d5ab40ea61) Importer(815301076,1909f56bfc062723c751e8b465ee728b)  -> (artifact id: '126f8c5b5fd2ad8d32e62e4f869f4e4e') in 0.003031 seconds
  Import took 0.006424 seconds .

========================================================================
Received Prepare
Registering precompiled user dll's ...
Registered in 0.005337 seconds.
Begin MonoManager ReloadAssembly
Native extension for WindowsStandalone target not found
Refreshing native plugins compatible for Editor in 0.47 ms, found 2 plugins.
Preloading 0 native plugins for Editor in 0.00 ms.
Mono: successfully reloaded assembly
- Completed reload, in  1.152 seconds
Platform modules already initialized, skipping
Refreshing native plugins compatible for Editor in 0.38 ms, found 2 plugins.
Preloading 0 native plugins for Editor in 0.00 ms.
Unloading 1441 Unused Serialized files (Serialized files now loaded: 0)
System memory in use before: 67.9 MB.
System memory in use after: 67.4 MB.

Unloading 28 unused Assets to reduce memory usage. Loaded Objects now: 1877.
Total: 2.316900 ms (FindLiveObjects: 0.191000 ms CreateObjectMapping: 0.061000 ms MarkObjects: 1.734900 ms  DeleteObjects: 0.328900 ms)

========================================================================
Received Prepare
Registering precompiled user dll's ...
Registered in 0.005396 seconds.
Begin MonoManager ReloadAssembly
Native extension for WindowsStandalone target not found
Refreshing native plugins compatible for Editor in 0.58 ms, found 2 plugins.
Preloading 0 native plugins for Editor in 0.00 ms.
Mono: successfully reloaded assembly
- Completed reload, in  1.156 seconds
Platform modules already initialized, skipping
Refreshing native plugins compatible for Editor in 0.49 ms, found 2 plugins.
Preloading 0 native plugins for Editor in 0.00 ms.
Unloading 1441 Unused Serialized files (Serialized files now loaded: 0)
System memory in use before: 67.9 MB.
System memory in use after: 67.4 MB.

Unloading 28 unused Assets to reduce memory usage. Loaded Objects now: 1880.
Total: 2.497200 ms (FindLiveObjects: 0.215400 ms CreateObjectMapping: 0.065100 ms MarkObjects: 1.848200 ms  DeleteObjects: 0.367000 ms)

========================================================================
Received Import Request.
  Time since last request: 462.787037 seconds.
  path: Assets/Scripts/PlayerMove.cs
  artifactKey: Guid(857882e9d49fd054da1723d5ab40ea61) Importer(815301076,1909f56bfc062723c751e8b465ee728b)
Start importing Assets/Scripts/PlayerMove.cs using Guid(857882e9d49fd054da1723d5ab40ea61) Importer(815301076,1909f56bfc062723c751e8b465ee728b)  -> (artifact id: 'befe7514ee2d0f8ae8838a8ddd4afc83') in 0.006597 seconds
  Import took 0.009519 seconds .

========================================================================
Received Import Request.
  Time since last request: 0.003016 seconds.
  path: Assets/Scripts/PlayerMove.cs
  artifactKey: Guid(857882e9d49fd054da1723d5ab40ea61) Importer(815301076,1909f56bfc062723c751e8b465ee728b)
Start importing Assets/Scripts/PlayerMove.cs using Guid(857882e9d49fd054da1723d5ab40ea61) Importer(815301076,1909f56bfc062723c751e8b465ee728b)  -> (artifact id: 'befe7514ee2d0f8ae8838a8ddd4afc83') in 0.003894 seconds
  Import took 0.006494 seconds .

========================================================================
Received Prepare
Registering precompiled user dll's ...
Registered in 0.005134 seconds.
Begin MonoManager ReloadAssembly
Native extension for WindowsStandalone target not found
Refreshing native plugins compatible for Editor in 0.38 ms, found 2 plugins.
Preloading 0 native plugins for Editor in 0.00 ms.
Mono: successfully reloaded assembly
- Completed reload, in  1.058 seconds
Platform modules already initialized, skipping
Refreshing native plugins compatible for Editor in 0.39 ms, found 2 plugins.
Preloading 0 native plugins for Editor in 0.00 ms.
Unloading 1441 Unused Serialized files (Serialized files now loaded: 0)
System memory in use before: 68.0 MB.
System memory in use after: 67.4 MB.

Unloading 28 unused Assets to reduce memory usage. Loaded Objects now: 1883.
Total: 2.699100 ms (FindLiveObjects: 0.161600 ms CreateObjectMapping: 0.055600 ms MarkObjects: 2.121900 ms  DeleteObjects: 0.359200 ms)

========================================================================
Received Import Request.
  Time since last request: 513.039879 seconds.
  path: ProjectSettings/TagManager.asset
  artifactKey: Guid(00000000000000003000000000000000) Importer(815301076,1909f56bfc062723c751e8b465ee728b)
Start importing ProjectSettings/TagManager.asset using Guid(00000000000000003000000000000000) Importer(815301076,1909f56bfc062723c751e8b465ee728b)  -> (artifact id: '95df672b4aaba54310d34c83eef51bb8') in 0.027058 seconds
  Import took 0.030033 seconds .

========================================================================
Received Prepare
Registering precompiled user dll's ...
Registered in 0.006128 seconds.
Begin MonoManager ReloadAssembly
Native extension for WindowsStandalone target not found
Refreshing native plugins compatible for Editor in 0.37 ms, found 2 plugins.
Preloading 0 native plugins for Editor in 0.00 ms.
Mono: successfully reloaded assembly
- Completed reload, in  1.135 seconds
Platform modules already initialized, skipping
Refreshing native plugins compatible for Editor in 0.41 ms, found 2 plugins.
Preloading 0 native plugins for Editor in 0.00 ms.
Unloading 1441 Unused Serialized files (Serialized files now loaded: 0)
System memory in use before: 68.0 MB.
System memory in use after: 67.4 MB.

Unloading 29 unused Assets to reduce memory usage. Loaded Objects now: 1886.
Total: 2.473100 ms (FindLiveObjects: 0.244500 ms CreateObjectMapping: 0.084100 ms MarkObjects: 1.789600 ms  DeleteObjects: 0.353800 ms)

========================================================================
Received Prepare
Registering precompiled user dll's ...
Registered in 0.005694 seconds.
Begin MonoManager ReloadAssembly
Native extension for WindowsStandalone target not found
Refreshing native plugins compatible for Editor in 0.37 ms, found 2 plugins.
Preloading 0 native plugins for Editor in 0.00 ms.
Mono: successfully reloaded assembly
- Completed reload, in  1.281 seconds
Platform modules already initialized, skipping
Refreshing native plugins compatible for Editor in 0.47 ms, found 2 plugins.
Preloading 0 native plugins for Editor in 0.00 ms.
Unloading 1441 Unused Serialized files (Serialized files now loaded: 0)
System memory in use before: 68.0 MB.
System memory in use after: 67.4 MB.

Unloading 28 unused Assets to reduce memory usage. Loaded Objects now: 1889.
Total: 2.759600 ms (FindLiveObjects: 0.257600 ms CreateObjectMapping: 0.080100 ms MarkObjects: 2.056400 ms  DeleteObjects: 0.364400 ms)

========================================================================
Received Prepare
Registering precompiled user dll's ...
Registered in 0.005635 seconds.
Begin MonoManager ReloadAssembly
Native extension for WindowsStandalone target not found
Refreshing native plugins compatible for Editor in 0.39 ms, found 2 plugins.
Preloading 0 native plugins for Editor in 0.00 ms.
Mono: successfully reloaded assembly
- Completed reload, in  1.091 seconds
Platform modules already initialized, skipping
Refreshing native plugins compatible for Editor in 0.36 ms, found 2 plugins.
Preloading 0 native plugins for Editor in 0.00 ms.
Unloading 1441 Unused Serialized files (Serialized files now loaded: 0)
System memory in use before: 68.0 MB.
System memory in use after: 67.4 MB.

Unloading 28 unused Assets to reduce memory usage. Loaded Objects now: 1892.
Total: 2.307000 ms (FindLiveObjects: 0.173600 ms CreateObjectMapping: 0.060500 ms MarkObjects: 1.705600 ms  DeleteObjects: 0.366200 ms)

========================================================================
Received Prepare
Registering precompiled user dll's ...
Registered in 0.005842 seconds.
Begin MonoManager ReloadAssembly
Native extension for WindowsStandalone target not found
Refreshing native plugins compatible for Editor in 0.41 ms, found 2 plugins.
Preloading 0 native plugins for Editor in 0.00 ms.
Mono: successfully reloaded assembly
- Completed reload, in  1.203 seconds
Platform modules already initialized, skipping
Refreshing native plugins compatible for Editor in 0.40 ms, found 2 plugins.
Preloading 0 native plugins for Editor in 0.00 ms.
Unloading 1441 Unused Serialized files (Serialized files now loaded: 0)
System memory in use before: 68.0 MB.
System memory in use after: 67.5 MB.

Unloading 28 unused Assets to reduce memory usage. Loaded Objects now: 1895.
Total: 3.103800 ms (FindLiveObjects: 0.193300 ms CreateObjectMapping: 0.058700 ms MarkObjects: 2.479900 ms  DeleteObjects: 0.370600 ms)

========================================================================
Received Prepare
Registering precompiled user dll's ...
Registered in 0.005569 seconds.
Begin MonoManager ReloadAssembly
Native extension for WindowsStandalone target not found
Refreshing native plugins compatible for Editor in 0.37 ms, found 2 plugins.
Preloading 0 native plugins for Editor in 0.00 ms.
Mono: successfully reloaded assembly
- Completed reload, in  1.215 seconds
Platform modules already initialized, skipping
Refreshing native plugins compatible for Editor in 0.38 ms, found 2 plugins.
Preloading 0 native plugins for Editor in 0.00 ms.
Unloading 1441 Unused Serialized files (Serialized files now loaded: 0)
System memory in use before: 68.0 MB.
System memory in use after: 67.5 MB.

Unloading 28 unused Assets to reduce memory usage. Loaded Objects now: 1898.
Total: 2.805900 ms (FindLiveObjects: 0.257300 ms CreateObjectMapping: 0.070100 ms MarkObjects: 2.048400 ms  DeleteObjects: 0.429100 ms)

========================================================================
Received Prepare
Registering precompiled user dll's ...
Registered in 0.005727 seconds.
Begin MonoManager ReloadAssembly
Native extension for WindowsStandalone target not found
Refreshing native plugins compatible for Editor in 0.49 ms, found 2 plugins.
Preloading 0 native plugins for Editor in 0.00 ms.
Mono: successfully reloaded assembly
- Completed reload, in  1.127 seconds
Platform modules already initialized, skipping
Refreshing native plugins compatible for Editor in 0.38 ms, found 2 plugins.
Preloading 0 native plugins for Editor in 0.00 ms.
Unloading 1441 Unused Serialized files (Serialized files now loaded: 0)
System memory in use before: 68.0 MB.
System memory in use after: 67.5 MB.

Unloading 28 unused Assets to reduce memory usage. Loaded Objects now: 1901.
Total: 2.747900 ms (FindLiveObjects: 0.198000 ms CreateObjectMapping: 0.080800 ms MarkObjects: 1.963100 ms  DeleteObjects: 0.504700 ms)

========================================================================
Received Prepare
Registering precompiled user dll's ...
Registered in 0.005881 seconds.
Begin MonoManager ReloadAssembly
Native extension for WindowsStandalone target not found
Refreshing native plugins compatible for Editor in 0.38 ms, found 2 plugins.
Preloading 0 native plugins for Editor in 0.00 ms.
Mono: successfully reloaded assembly
- Completed reload, in  1.174 seconds
Platform modules already initialized, skipping
Refreshing native plugins compatible for Editor in 0.41 ms, found 2 plugins.
Preloading 0 native plugins for Editor in 0.00 ms.
Unloading 1441 Unused Serialized files (Serialized files now loaded: 0)
System memory in use before: 68.0 MB.
System memory in use after: 67.5 MB.

Unloading 28 unused Assets to reduce memory usage. Loaded Objects now: 1904.
Total: 2.447200 ms (FindLiveObjects: 0.246300 ms CreateObjectMapping: 0.081500 ms MarkObjects: 1.731800 ms  DeleteObjects: 0.386100 ms)

========================================================================
Received Prepare
Registering precompiled user dll's ...
Registered in 0.005867 seconds.
Begin MonoManager ReloadAssembly
Native extension for WindowsStandalone target not found
Refreshing native plugins compatible for Editor in 0.36 ms, found 2 plugins.
Preloading 0 native plugins for Editor in 0.00 ms.
Mono: successfully reloaded assembly
- Completed reload, in  1.220 seconds
Platform modules already initialized, skipping
Refreshing native plugins compatible for Editor in 0.42 ms, found 2 plugins.
Preloading 0 native plugins for Editor in 0.00 ms.
Unloading 1441 Unused Serialized files (Serialized files now loaded: 0)
System memory in use before: 68.0 MB.
System memory in use after: 67.5 MB.

Unloading 28 unused Assets to reduce memory usage. Loaded Objects now: 1907.
Total: 3.128400 ms (FindLiveObjects: 0.264400 ms CreateObjectMapping: 0.092400 ms MarkObjects: 2.323500 ms  DeleteObjects: 0.446600 ms)

========================================================================
Received Prepare
Registering precompiled user dll's ...
Registered in 0.005303 seconds.
Begin MonoManager ReloadAssembly
Native extension for WindowsStandalone target not found
Refreshing native plugins compatible for Editor in 0.37 ms, found 2 plugins.
Preloading 0 native plugins for Editor in 0.00 ms.
Mono: successfully reloaded assembly
- Completed reload, in  1.135 seconds
Platform modules already initialized, skipping
Refreshing native plugins compatible for Editor in 0.38 ms, found 2 plugins.
Preloading 0 native plugins for Editor in 0.00 ms.
Unloading 1441 Unused Serialized files (Serialized files now loaded: 0)
System memory in use before: 68.0 MB.
System memory in use after: 67.5 MB.

Unloading 28 unused Assets to reduce memory usage. Loaded Objects now: 1910.
Total: 2.552400 ms (FindLiveObjects: 0.181000 ms CreateObjectMapping: 0.062900 ms MarkObjects: 1.870000 ms  DeleteObjects: 0.436700 ms)

========================================================================
Received Prepare
Registering precompiled user dll's ...
Registered in 0.005504 seconds.
Begin MonoManager ReloadAssembly
Native extension for WindowsStandalone target not found
Refreshing native plugins compatible for Editor in 0.57 ms, found 2 plugins.
Preloading 0 native plugins for Editor in 0.00 ms.
Mono: successfully reloaded assembly
- Completed reload, in  1.108 seconds
Platform modules already initialized, skipping
Refreshing native plugins compatible for Editor in 0.50 ms, found 2 plugins.
Preloading 0 native plugins for Editor in 0.00 ms.
Unloading 1441 Unused Serialized files (Serialized files now loaded: 0)
System memory in use before: 68.0 MB.
System memory in use after: 67.5 MB.

Unloading 28 unused Assets to reduce memory usage. Loaded Objects now: 1913.
Total: 2.405200 ms (FindLiveObjects: 0.164500 ms CreateObjectMapping: 0.051600 ms MarkObjects: 1.798700 ms  DeleteObjects: 0.389300 ms)

========================================================================
Received Prepare
Registering precompiled user dll's ...
Registered in 0.005453 seconds.
Begin MonoManager ReloadAssembly
Native extension for WindowsStandalone target not found
Refreshing native plugins compatible for Editor in 0.41 ms, found 2 plugins.
Preloading 0 native plugins for Editor in 0.00 ms.
Mono: successfully reloaded assembly
- Completed reload, in  1.194 seconds
Platform modules already initialized, skipping
Refreshing native plugins compatible for Editor in 0.49 ms, found 2 plugins.
Preloading 0 native plugins for Editor in 0.00 ms.
Unloading 1440 Unused Serialized files (Serialized files now loaded: 0)
System memory in use before: 68.0 MB.
System memory in use after: 67.5 MB.

Unloading 29 unused Assets to reduce memory usage. Loaded Objects now: 1915.
Total: 2.739500 ms (FindLiveObjects: 0.178700 ms CreateObjectMapping: 0.063600 ms MarkObjects: 2.048600 ms  DeleteObjects: 0.447000 ms)

AssetImportWorkerClient::OnTransportError - code=2 error=End of file
