Using pre-set license
Built from '2020.3/staging' branch; Version is '2020.3.10f1 (297d780c91bc) revision 2719096'; Using compiler version '192528614'; Build Type 'Release'
OS: 'Windows 10 Home; OS build 19042.1288; Version 2009; 64bit' Language: 'en' Physical Memory: 16204 MB
BatchMode: 1, IsHumanControllingUs: 0, StartBugReporterOnCrash: 0, Is64bit: 1, IsPro: 0

 COMMAND LINE ARGUMENTS:
C:\Program Files\Unity\Hub\Editor\2020.3.10f1\Editor\Unity.exe
-adb2
-batchMode
-noUpm
-name
AssetImportWorker0
-projectPath
C:/Users/nekoi/Documents/Projects/BCI VR Prototyping/Project Brainwave
-logFile
Logs/AssetImportWorker0.log
-srvPort
55800
Successfully changed project path to: C:/Users/nekoi/Documents/Projects/BCI VR Prototyping/Project Brainwave
C:/Users/nekoi/Documents/Projects/BCI VR Prototyping/Project Brainwave
Using Asset Import Pipeline V2.
Refreshing native plugins compatible for Editor in 53.29 ms, found 2 plugins.
Preloading 0 native plugins for Editor in 0.00 ms.
Initialize engine version: 2020.3.10f1 (297d780c91bc)
[Subsystems] Discovering subsystems at path C:/Program Files/Unity/Hub/Editor/2020.3.10f1/Editor/Data/Resources/UnitySubsystems
[Subsystems] Discovering subsystems at path C:/Users/nekoi/Documents/Projects/BCI VR Prototyping/Project Brainwave/Assets
GfxDevice: creating device client; threaded=0
Direct3D:
    Version:  Direct3D 11.0 [level 11.1]
    Renderer: NVIDIA GeForce GTX 1660 Ti (ID=0x2191)
    Vendor:   
    VRAM:     5991 MB
    Driver:   27.21.14.6172
Initialize mono
Mono path[0] = 'C:/Program Files/Unity/Hub/Editor/2020.3.10f1/Editor/Data/Managed'
Mono path[1] = 'C:/Program Files/Unity/Hub/Editor/2020.3.10f1/Editor/Data/MonoBleedingEdge/lib/mono/unityjit'
Mono config path = 'C:/Program Files/Unity/Hub/Editor/2020.3.10f1/Editor/Data/MonoBleedingEdge/etc'
Using monoOptions --debugger-agent=transport=dt_socket,embedding=1,server=y,suspend=n,address=127.0.0.1:56012
Begin MonoManager ReloadAssembly
Registering precompiled unity dll's ...
Register platform support module: C:/Program Files/Unity/Hub/Editor/2020.3.10f1/Editor/Data/PlaybackEngines/WindowsStandaloneSupport/UnityEditor.WindowsStandalone.Extensions.dll
Registered in 0.003692 seconds.
Native extension for WindowsStandalone target not found
Refreshing native plugins compatible for Editor in 35.17 ms, found 2 plugins.
Preloading 0 native plugins for Editor in 0.00 ms.
Mono: successfully reloaded assembly
- Completed reload, in  2.315 seconds
Platform modules already initialized, skipping
Registering precompiled user dll's ...
Registered in 0.005783 seconds.
Begin MonoManager ReloadAssembly
Native extension for WindowsStandalone target not found
Refreshing native plugins compatible for Editor in 0.69 ms, found 2 plugins.
Preloading 0 native plugins for Editor in 0.00 ms.
Mono: successfully reloaded assembly
- Completed reload, in  1.360 seconds
Platform modules already initialized, skipping
========================================================================
Worker process is ready to serve import requests
Launched and connected shader compiler UnityShaderCompiler.exe after 0.06 seconds
Refreshing native plugins compatible for Editor in 0.39 ms, found 2 plugins.
Preloading 0 native plugins for Editor in 0.00 ms.
Unloading 1448 Unused Serialized files (Serialized files now loaded: 0)
System memory in use before: 68.2 MB.
System memory in use after: 68.3 MB.

Unloading 20 unused Assets to reduce memory usage. Loaded Objects now: 1886.
Total: 2.433300 ms (FindLiveObjects: 0.175500 ms CreateObjectMapping: 0.063300 ms MarkObjects: 2.111600 ms  DeleteObjects: 0.081600 ms)

========================================================================
Received Import Request.
  path: Assets/Scenes/Level 01.unity
  artifactKey: Guid(ec95eb829d86084469bb36e8ba2c252d) Importer(815301076,1909f56bfc062723c751e8b465ee728b)
Start importing Assets/Scenes/Level 01.unity using Guid(ec95eb829d86084469bb36e8ba2c252d) Importer(815301076,1909f56bfc062723c751e8b465ee728b)  -> (artifact id: 'f0d415bd1c3da0d8c8ca602b00f45bec') in 0.022651 seconds
  Import took 0.025788 seconds .

========================================================================
Received Import Request.
  Time since last request: 91.281138 seconds.
  path: Assets/UI/Circle.png
  artifactKey: Guid(c0179f52cad6df54086e4489fa480987) Importer(815301076,1909f56bfc062723c751e8b465ee728b)
Start importing Assets/UI/Circle.png using Guid(c0179f52cad6df54086e4489fa480987) Importer(815301076,1909f56bfc062723c751e8b465ee728b)  -> (artifact id: 'face5d7bc2068ad1585ec4270439b50c') in 0.130107 seconds
  Import took 0.133670 seconds .

========================================================================
Received Import Request.
  Time since last request: 0.000333 seconds.
  path: Assets/UI/Spin.png
  artifactKey: Guid(2515186d45b85c645864a80fbc5c3ce7) Importer(815301076,1909f56bfc062723c751e8b465ee728b)
Start importing Assets/UI/Spin.png using Guid(2515186d45b85c645864a80fbc5c3ce7) Importer(815301076,1909f56bfc062723c751e8b465ee728b)  -> (artifact id: '15de85f28e64d844683c9ca635b46869') in 0.015994 seconds
  Import took 0.019547 seconds .

========================================================================
Received Import Request.
  Time since last request: 0.000223 seconds.
  path: Assets/UI/Spin2.png
  artifactKey: Guid(6c420ce623f2068469fb4338d675813d) Importer(815301076,1909f56bfc062723c751e8b465ee728b)
Start importing Assets/UI/Spin2.png using Guid(6c420ce623f2068469fb4338d675813d) Importer(815301076,1909f56bfc062723c751e8b465ee728b)  -> (artifact id: 'e03883848c1129266700acf40819d766') in 0.018123 seconds
  Import took 0.021767 seconds .

========================================================================
Received Import Request.
  Time since last request: 0.000253 seconds.
  path: Assets/UI/Setting.png
  artifactKey: Guid(27484a6ab1828764182fa8851bc0d6f8) Importer(815301076,1909f56bfc062723c751e8b465ee728b)
Start importing Assets/UI/Setting.png using Guid(27484a6ab1828764182fa8851bc0d6f8) Importer(815301076,1909f56bfc062723c751e8b465ee728b)  -> (artifact id: '3ec1bba359accc5f80b52bf475be3758') in 0.030893 seconds
  Import took 0.034579 seconds .

========================================================================
Received Import Request.
  Time since last request: 0.000208 seconds.
  path: Assets/UI/Ruddy-Bold SDF.asset
  artifactKey: Guid(dad61d9e55d84d848ba7306f7c4024c9) Importer(815301076,1909f56bfc062723c751e8b465ee728b)
Start importing Assets/UI/Ruddy-Bold SDF.asset using Guid(dad61d9e55d84d848ba7306f7c4024c9) Importer(815301076,1909f56bfc062723c751e8b465ee728b)  -> (artifact id: '084d0d2e8b7e1172d956c3fbdff91767') in 0.095951 seconds
  Import took 0.099010 seconds .

========================================================================
Received Import Request.
  Time since last request: 0.000188 seconds.
  path: Assets/UI/Ellipse.png
  artifactKey: Guid(b8cf63eb9f094394a949772ce12f34ad) Importer(815301076,1909f56bfc062723c751e8b465ee728b)
Start importing Assets/UI/Ellipse.png using Guid(b8cf63eb9f094394a949772ce12f34ad) Importer(815301076,1909f56bfc062723c751e8b465ee728b)  -> (artifact id: '81b8f43b47cc250bd406912f6eeffd1a') in 0.016703 seconds
  Import took 0.019569 seconds .

========================================================================
Received Import Request.
  Time since last request: 0.000210 seconds.
  path: Assets/UI/Ruddy-Bold.ttf
  artifactKey: Guid(6968a2e28fc29724c91aa203aef19448) Importer(815301076,1909f56bfc062723c751e8b465ee728b)
Start importing Assets/UI/Ruddy-Bold.ttf using Guid(6968a2e28fc29724c91aa203aef19448) Importer(815301076,1909f56bfc062723c751e8b465ee728b)  -> (artifact id: '32cedbc074fac4d390e738317f492abf') in 0.026498 seconds
  Import took 0.029986 seconds .

========================================================================
Received Prepare
Registering precompiled user dll's ...
Registered in 0.006525 seconds.
Begin MonoManager ReloadAssembly
Native extension for WindowsStandalone target not found
Refreshing native plugins compatible for Editor in 0.72 ms, found 2 plugins.
Preloading 0 native plugins for Editor in 0.00 ms.
Mono: successfully reloaded assembly
- Completed reload, in  1.172 seconds
Platform modules already initialized, skipping
Refreshing native plugins compatible for Editor in 0.53 ms, found 2 plugins.
Preloading 0 native plugins for Editor in 0.00 ms.
Unloading 1429 Unused Serialized files (Serialized files now loaded: 0)
System memory in use before: 70.2 MB.
System memory in use after: 70.3 MB.

Unloading 15 unused Assets to reduce memory usage. Loaded Objects now: 1937.
Total: 2.345900 ms (FindLiveObjects: 0.180600 ms CreateObjectMapping: 0.062000 ms MarkObjects: 2.079500 ms  DeleteObjects: 0.022500 ms)

========================================================================
Received Prepare
Registering precompiled user dll's ...
Registered in 0.005764 seconds.
Begin MonoManager ReloadAssembly
Native extension for WindowsStandalone target not found
Refreshing native plugins compatible for Editor in 0.44 ms, found 2 plugins.
Preloading 0 native plugins for Editor in 0.00 ms.
Mono: successfully reloaded assembly
- Completed reload, in  1.194 seconds
Platform modules already initialized, skipping
Refreshing native plugins compatible for Editor in 0.37 ms, found 2 plugins.
Preloading 0 native plugins for Editor in 0.00 ms.
Unloading 1429 Unused Serialized files (Serialized files now loaded: 0)
System memory in use before: 70.3 MB.
System memory in use after: 70.4 MB.

Unloading 15 unused Assets to reduce memory usage. Loaded Objects now: 1940.
Total: 2.125000 ms (FindLiveObjects: 0.169500 ms CreateObjectMapping: 0.053000 ms MarkObjects: 1.884800 ms  DeleteObjects: 0.016700 ms)

========================================================================
Received Import Request.
  Time since last request: 2175.947174 seconds.
  path: Assets/Scripts/ReverseRing.cs
  artifactKey: Guid(0809f7261c244b2439771f41ca570650) Importer(815301076,1909f56bfc062723c751e8b465ee728b)
Start importing Assets/Scripts/ReverseRing.cs using Guid(0809f7261c244b2439771f41ca570650) Importer(815301076,1909f56bfc062723c751e8b465ee728b)  -> (artifact id: '4fb869d7be8ece16c985138dc12926fc') in 0.012847 seconds
  Import took 0.016856 seconds .

========================================================================
Received Prepare
Registering precompiled user dll's ...
Registered in 0.016282 seconds.
Begin MonoManager ReloadAssembly
Native extension for WindowsStandalone target not found
Refreshing native plugins compatible for Editor in 0.76 ms, found 2 plugins.
Preloading 0 native plugins for Editor in 0.00 ms.
Mono: successfully reloaded assembly
- Completed reload, in  2.295 seconds
Platform modules already initialized, skipping
Refreshing native plugins compatible for Editor in 0.72 ms, found 2 plugins.
Preloading 0 native plugins for Editor in 0.00 ms.
Unloading 1429 Unused Serialized files (Serialized files now loaded: 0)
System memory in use before: 70.3 MB.
System memory in use after: 70.4 MB.

Unloading 15 unused Assets to reduce memory usage. Loaded Objects now: 1943.
Total: 4.183900 ms (FindLiveObjects: 0.365700 ms CreateObjectMapping: 0.132600 ms MarkObjects: 3.631200 ms  DeleteObjects: 0.052200 ms)

========================================================================
Received Import Request.
  Time since last request: 10639.472911 seconds.
  path: ProjectSettings/TagManager.asset
  artifactKey: Guid(00000000000000003000000000000000) Importer(815301076,1909f56bfc062723c751e8b465ee728b)
Start importing ProjectSettings/TagManager.asset using Guid(00000000000000003000000000000000) Importer(815301076,1909f56bfc062723c751e8b465ee728b)  -> (artifact id: 'f12aa543b062ab20852a2cb619d510c2') in 0.139461 seconds
  Import took 0.179066 seconds .

========================================================================
Received Prepare
Registering precompiled user dll's ...
Registered in 0.006733 seconds.
Begin MonoManager ReloadAssembly
Native extension for WindowsStandalone target not found
Refreshing native plugins compatible for Editor in 0.44 ms, found 2 plugins.
Preloading 0 native plugins for Editor in 0.00 ms.
Mono: successfully reloaded assembly
- Completed reload, in  1.067 seconds
Platform modules already initialized, skipping
Refreshing native plugins compatible for Editor in 0.42 ms, found 2 plugins.
Preloading 0 native plugins for Editor in 0.00 ms.
Unloading 1429 Unused Serialized files (Serialized files now loaded: 0)
System memory in use before: 70.3 MB.
System memory in use after: 70.4 MB.

Unloading 16 unused Assets to reduce memory usage. Loaded Objects now: 1946.
Total: 2.001000 ms (FindLiveObjects: 0.220000 ms CreateObjectMapping: 0.072600 ms MarkObjects: 1.684400 ms  DeleteObjects: 0.022800 ms)

========================================================================
Received Prepare
Registering precompiled user dll's ...
Registered in 0.004849 seconds.
Begin MonoManager ReloadAssembly
Native extension for WindowsStandalone target not found
Refreshing native plugins compatible for Editor in 0.36 ms, found 2 plugins.
Preloading 0 native plugins for Editor in 0.00 ms.
Mono: successfully reloaded assembly
- Completed reload, in  1.051 seconds
Platform modules already initialized, skipping
Refreshing native plugins compatible for Editor in 0.31 ms, found 2 plugins.
Preloading 0 native plugins for Editor in 0.00 ms.
Unloading 1429 Unused Serialized files (Serialized files now loaded: 0)
System memory in use before: 70.3 MB.
System memory in use after: 70.4 MB.

Unloading 15 unused Assets to reduce memory usage. Loaded Objects now: 1949.
Total: 1.739400 ms (FindLiveObjects: 0.222700 ms CreateObjectMapping: 0.073200 ms MarkObjects: 1.426700 ms  DeleteObjects: 0.015600 ms)

========================================================================
Received Prepare
Registering precompiled user dll's ...
Registered in 0.005877 seconds.
Begin MonoManager ReloadAssembly
Native extension for WindowsStandalone target not found
Refreshing native plugins compatible for Editor in 0.37 ms, found 2 plugins.
Preloading 0 native plugins for Editor in 0.00 ms.
Mono: successfully reloaded assembly
- Completed reload, in  1.072 seconds
Platform modules already initialized, skipping
Refreshing native plugins compatible for Editor in 0.37 ms, found 2 plugins.
Preloading 0 native plugins for Editor in 0.00 ms.
Unloading 1428 Unused Serialized files (Serialized files now loaded: 0)
System memory in use before: 70.3 MB.
System memory in use after: 70.4 MB.

Unloading 16 unused Assets to reduce memory usage. Loaded Objects now: 1951.
Total: 2.361800 ms (FindLiveObjects: 0.187700 ms CreateObjectMapping: 0.060100 ms MarkObjects: 2.087200 ms  DeleteObjects: 0.025100 ms)

========================================================================
Received Import Request.
  Time since last request: 621.615338 seconds.
  path: Assets/Scripts/PlayerMove.cs
  artifactKey: Guid(857882e9d49fd054da1723d5ab40ea61) Importer(815301076,1909f56bfc062723c751e8b465ee728b)
Start importing Assets/Scripts/PlayerMove.cs using Guid(857882e9d49fd054da1723d5ab40ea61) Importer(815301076,1909f56bfc062723c751e8b465ee728b)  -> (artifact id: 'e1075b82609198f3f98248fb90e6ed2f') in 0.011110 seconds
  Import took 0.014120 seconds .

========================================================================
Received Import Request.
  Time since last request: 22.881689 seconds.
  path: Assets/Prefabs/Player.prefab
  artifactKey: Guid(c21e302b4db15a74387f421842546690) Importer(815301076,1909f56bfc062723c751e8b465ee728b)
Start importing Assets/Prefabs/Player.prefab using Guid(c21e302b4db15a74387f421842546690) Importer(815301076,1909f56bfc062723c751e8b465ee728b)  -> (artifact id: 'ae6938d0ee4c265c88c8cf8d20247bde') in 0.066611 seconds
  Import took 0.069272 seconds .

========================================================================
Received Import Request.
  Time since last request: 6.193345 seconds.
  path: Assets/Prefabs/Player.prefab
  artifactKey: Guid(c21e302b4db15a74387f421842546690) Importer(815301076,1909f56bfc062723c751e8b465ee728b)
Start importing Assets/Prefabs/Player.prefab using Guid(c21e302b4db15a74387f421842546690) Importer(815301076,1909f56bfc062723c751e8b465ee728b)  -> (artifact id: '3c2c3fd42316f94d345dff4bd9665485') in 0.007153 seconds
  Import took 0.009979 seconds .

========================================================================
Received Import Request.
  Time since last request: 0.011674 seconds.
  path: Assets/Prefabs/Player.prefab
  artifactKey: Guid(c21e302b4db15a74387f421842546690) Importer(815301076,1909f56bfc062723c751e8b465ee728b)
Start importing Assets/Prefabs/Player.prefab using Guid(c21e302b4db15a74387f421842546690) Importer(815301076,1909f56bfc062723c751e8b465ee728b)  -> (artifact id: '3c2c3fd42316f94d345dff4bd9665485') in 0.008011 seconds
  Import took 0.012061 seconds .

========================================================================
Received Prepare
Registering precompiled user dll's ...
Registered in 0.005092 seconds.
Begin MonoManager ReloadAssembly
Native extension for WindowsStandalone target not found
Refreshing native plugins compatible for Editor in 0.41 ms, found 2 plugins.
Preloading 0 native plugins for Editor in 0.00 ms.
Mono: successfully reloaded assembly
- Completed reload, in  1.087 seconds
Platform modules already initialized, skipping
Refreshing native plugins compatible for Editor in 0.37 ms, found 2 plugins.
Preloading 0 native plugins for Editor in 0.00 ms.
Unloading 1428 Unused Serialized files (Serialized files now loaded: 0)
System memory in use before: 70.3 MB.
System memory in use after: 70.4 MB.

Unloading 16 unused Assets to reduce memory usage. Loaded Objects now: 1956.
Total: 2.135600 ms (FindLiveObjects: 0.203100 ms CreateObjectMapping: 0.067800 ms MarkObjects: 1.838400 ms  DeleteObjects: 0.025300 ms)

========================================================================
Received Prepare
Registering precompiled user dll's ...
Registered in 0.005256 seconds.
Begin MonoManager ReloadAssembly
Native extension for WindowsStandalone target not found
Refreshing native plugins compatible for Editor in 0.37 ms, found 2 plugins.
Preloading 0 native plugins for Editor in 0.00 ms.
Mono: successfully reloaded assembly
- Completed reload, in  1.056 seconds
Platform modules already initialized, skipping
Refreshing native plugins compatible for Editor in 0.34 ms, found 2 plugins.
Preloading 0 native plugins for Editor in 0.00 ms.
Unloading 1428 Unused Serialized files (Serialized files now loaded: 0)
System memory in use before: 70.3 MB.
System memory in use after: 70.4 MB.

Unloading 15 unused Assets to reduce memory usage. Loaded Objects now: 1959.
Total: 2.181100 ms (FindLiveObjects: 0.193300 ms CreateObjectMapping: 0.067300 ms MarkObjects: 1.901600 ms  DeleteObjects: 0.017700 ms)

AssetImportWorkerClient::OnTransportError - code=2 error=End of file
